
[2025-11-08T03:54:13.615Z]
To: anantsinghal2134@gmail.com
From: noreply@yourdomain.com
Subject: Test Email from Meeting App
Body: 
        <div style="font-family: Arial, sans-serif; max-width: 600px; margin: 0 auto;">
          <h2 style="color: #333;">🎉 Test Email Success!</h2>
          <p>This is a test email from your automated meeting actions system.</p>
          <div style="background: #f5f5f5; padding: 15px; border-radius: 5px; margin: 20px 0;">
            <p><strong>Sent at:</strong> 8/11/2025, 9:24:13 am</p>
            <p><strong>To:</strong> anantsinghal2134@gmail.com</p>
          </div>
          <p style="color: #666; font-size: 12px;">
            If you're seeing this in the logs, your email system is working! ✅
          </p>
        </div>
      
-------------------

[2025-11-08T03:54:35.013Z]
To: anantsinghal2134@gmail.com
From: noreply@yourdomain.com
Subject: Meeting Invitation: Test Follow-up Meeting
Body: 
          <div style="font-family: Arial, sans-serif; max-width: 600px; margin: 0 auto;">
            <h2 style="color: #333;">📅 You're Invited to a Meeting</h2>
            <div style="background: #f5f5f5; padding: 20px; border-radius: 5px; margin: 20px 0;">
              <h3 style="margin-top: 0;">Test Follow-up Meeting</h3>
              <p><strong>Date:</strong> 9/11/2025, 9:24:35 am</p>
              <p><strong>Duration:</strong> 60 minutes</p>
              <p><strong>Organizer:</strong> aadityasinghal77@gmail.com</p>
            </div>
            <p style="color: #666; font-size: 12px;">
              This is a test meeting created by the automated actions system.
            </p>
          </div>
        
-------------------

[2025-11-08T03:54:59.988Z]
To: anantsinghal2134@gmail.com
From: noreply@yourdomain.com
Subject: New Task Assigned: Test task from automation system
Body: 
        <div style="font-family: Arial, sans-serif; max-width: 600px; margin: 0 auto;">
          <h2 style="color: #333;">✅ New Task Assigned</h2>
          <div style="background: #f5f5f5; padding: 20px; border-radius: 5px; margin: 20px 0;">
            <p><strong>Task:</strong> Test task from automation system</p>
            <p><strong>Priority:</strong> <span style="color: #ef4444;">high</span></p>
            <p><strong>Due Date:</strong> 15/11/2025</p>
            <p><strong>Assigned by:</strong> aadityasinghal77@gmail.com</p>
          </div>
          <p style="color: #666; font-size: 12px;">
            This is a test task created by the automated actions system.
          </p>
        </div>
      
-------------------

[2025-11-08T03:55:03.360Z]
To: anantsinghal2134@gmail.com
From: noreply@yourdomain.com
Subject: Test Email from Meeting App
Body: 
        <div style="font-family: Arial, sans-serif; max-width: 600px; margin: 0 auto;">
          <h2 style="color: #333;">🎉 Test Email Success!</h2>
          <p>This is a test email from your automated meeting actions system.</p>
          <div style="background: #f5f5f5; padding: 15px; border-radius: 5px; margin: 20px 0;">
            <p><strong>Sent at:</strong> 8/11/2025, 9:25:03 am</p>
            <p><strong>To:</strong> anantsinghal2134@gmail.com</p>
          </div>
          <p style="color: #666; font-size: 12px;">
            If you're seeing this in the logs, your email system is working! ✅
          </p>
        </div>
      
-------------------

[2025-11-08T03:55:04.913Z]
To: anantsinghal2134@gmail.com
From: noreply@yourdomain.com
Subject: Meeting Invitation: Test Follow-up Meeting
Body: 
          <div style="font-family: Arial, sans-serif; max-width: 600px; margin: 0 auto;">
            <h2 style="color: #333;">📅 You're Invited to a Meeting</h2>
            <div style="background: #f5f5f5; padding: 20px; border-radius: 5px; margin: 20px 0;">
              <h3 style="margin-top: 0;">Test Follow-up Meeting</h3>
              <p><strong>Date:</strong> 9/11/2025, 9:25:04 am</p>
              <p><strong>Duration:</strong> 60 minutes</p>
              <p><strong>Organizer:</strong> aadityasinghal77@gmail.com</p>
            </div>
            <p style="color: #666; font-size: 12px;">
              This is a test meeting created by the automated actions system.
            </p>
          </div>
        
-------------------

[2025-11-08T03:55:06.402Z]
To: anantsinghal2134@gmail.com
From: noreply@yourdomain.com
Subject: New Task Assigned: Test task from automation system
Body: 
        <div style="font-family: Arial, sans-serif; max-width: 600px; margin: 0 auto;">
          <h2 style="color: #333;">✅ New Task Assigned</h2>
          <div style="background: #f5f5f5; padding: 20px; border-radius: 5px; margin: 20px 0;">
            <p><strong>Task:</strong> Test task from automation system</p>
            <p><strong>Priority:</strong> <span style="color: #ef4444;">high</span></p>
            <p><strong>Due Date:</strong> 15/11/2025</p>
            <p><strong>Assigned by:</strong> aadityasinghal77@gmail.com</p>
          </div>
          <p style="color: #666; font-size: 12px;">
            This is a test task created by the automated actions system.
          </p>
        </div>
      
-------------------
